<?xml version="1.0" encoding="UTF-8" ?>
<testsuite errors="0" failures="0" hostname="MacBook-Air" name="warmup.QuadraticTest" skipped="0" tests="8" time="0.142" timestamp="2017-12-14T14:09:41">
  <properties>
[...]
</properties>
  <testcase classname="warmup.QuadraticTest" name="testOneRoot" time="0.001" />
  <testcase classname="warmup.QuadraticTest" name="testAssertionsEnabled" time="0.0" />
  <testcase classname="warmup.QuadraticTest" name="testOneZeroRoot" time="0.0" />
  <testcase classname="warmup.QuadraticTest" name="testPositiveRoots" time="0.0" />
  <testcase classname="warmup.QuadraticTest" name="testBothZeroRoots" time="0.0" />
  <testcase classname="warmup.QuadraticTest" name="testOppositeSignRoots" time="0.0" />
  <testcase classname="warmup.QuadraticTest" name="testNegativeRoots" time="0.0" />
  <testcase classname="warmup.QuadraticTest" name="testLargeRoots" time="0.0" />
  <system-out><![CDATA[]]></system-out>
  <system-err><![CDATA[]]></system-err>
</testsuite>
